<?xml version="1.0" encoding="UTF-8"?>
<testng-results ignored="0" total="1" passed="1" failed="0" skipped="0">
  <reporter-output>
  </reporter-output>
  <suite started-at="2023-02-25T17:13:22Z" name="Default suite" finished-at="2023-02-25T17:13:22Z" duration-ms="43">
    <groups>
    </groups>
    <test started-at="2023-02-25T17:13:22Z" name="Default test" finished-at="2023-02-25T17:13:22Z" duration-ms="43">
      <class name="org.test.unit.UnitTest">
        <test-method signature="tc1()[pri:0, instance:org.test.unit.UnitTest@768fc0f2]" started-at="2023-02-25T17:13:22Z" name="tc1" finished-at="2023-02-25T17:13:22Z" duration-ms="14" status="PASS">
          <reporter-output>
          </reporter-output>
        </test-method> <!-- tc1 -->
      </class> <!-- org.test.unit.UnitTest -->
    </test> <!-- Default test -->
  </suite> <!-- Default suite -->
</testng-results>
